<?xml version="1.0" encoding="UTF-8"?>
<!-- Generated by org.testng.reporters.JUnitReportReporter -->
<testsuite hostname="LAPTOP-MNNM6MBN" failures="0" tests="1" name="cucumberSalesforceTest.StepDefinitionforLogin" time="12.899" errors="0" timestamp="2023-03-14T14:38:18 CDT" skipped="0">
  <testcase classname="cucumberSalesforceTest.StepDefinitionforLogin" name="setup" time="12.899"/>
  <system-out/>
</testsuite> <!-- cucumberSalesforceTest.StepDefinitionforLogin -->
