<?xml version="1.0" encoding="UTF-8"?>
<!-- Generated by org.testng.reporters.JUnitReportReporter -->
<testsuite hostname="LAPTOP-MNNM6MBN" failures="0" tests="1" name="cucumberSalesforceTest.RunnerforSalesforceLogin" time="0.184" errors="0" timestamp="2023-03-05T16:17:32 CST" skipped="0">
  <testcase classname="cucumberSalesforceTest.RunnerforSalesforceLogin" name="runScenario" time="0.184"/>
  <system-out/>
</testsuite> <!-- cucumberSalesforceTest.RunnerforSalesforceLogin -->
