<?xml version="1.0" encoding="UTF-8"?>
<!-- Generated by org.testng.reporters.JUnitReportReporter -->
<testsuite hostname="LAPTOP-MNNM6MBN" failures="0" tests="1" name="testNGBasic.FirstfewTests" time="41.919" errors="0" timestamp="2023-02-28T08:39:37 CST" skipped="0">
  <testcase classname="testNGBasic.FirstfewTests" name="checkRememberMe" time="41.919"/>
  <system-out/>
</testsuite> <!-- testNGBasic.FirstfewTests -->
