<?xml version="1.0" encoding="UTF-8"?>
<!-- Generated by org.testng.reporters.JUnitReportReporter -->
<testsuite hostname="LAPTOP-MNNM6MBN" failures="0" tests="5" name="pomTests.pomAutomation" time="76.241" errors="0" timestamp="2023-03-02T16:23:37 CST" skipped="0">
  <testcase classname="pomTests.pomAutomation" name="Login_Script" time="16.040"/>
  <system-out/>
  <testcase classname="pomTests.pomAutomation" name="error_login" time="12.567"/>
  <system-out/>
  <testcase classname="pomTests.pomAutomation" name="checkRememberMe" time="30.481"/>
  <system-out/>
  <testcase classname="pomTests.pomAutomation" name="forgotpasswordB" time="9.069"/>
  <system-out/>
  <testcase classname="pomTests.pomAutomation" name="forgotPasswordA" time="8.084"/>
  <system-out/>
</testsuite> <!-- pomTests.pomAutomation -->
