<?xml version="1.0" encoding="UTF-8"?>
<!-- Generated by org.testng.reporters.JUnitReportReporter -->
<testsuite hostname="LAPTOP-MNNM6MBN" failures="0" tests="28" name="testNGBasic.Day1" time="0.063" errors="1" timestamp="2023-02-26T13:59:04 CST" skipped="27">
  <testcase classname="testNGBasic.Day1" name="start" time="0.063">
    <error message="Cannot invoke &quot;com.aventstack.extentreports.ExtentTest.info(String)&quot; because &quot;this.logtester&quot; is null" type="java.lang.NullPointerException">
      <![CDATA[java.lang.NullPointerException: Cannot invoke "com.aventstack.extentreports.ExtentTest.info(String)" because "this.logtester" is null
at javaUtility.ExtentReportsUtility.logtestinfo(ExtentReportsUtility.java:32)
at testNGBasic.Day1.start(Day1.java:32)
at java.base/jdk.internal.reflect.NativeMethodAccessorImpl.invoke0(Native Method)
at java.base/jdk.internal.reflect.NativeMethodAccessorImpl.invoke(NativeMethodAccessorImpl.java:77)
at java.base/jdk.internal.reflect.DelegatingMethodAccessorImpl.invoke(DelegatingMethodAccessorImpl.java:43)
at java.base/java.lang.reflect.Method.invoke(Method.java:568)
at org.testng.internal.MethodInvocationHelper.invokeMethod(MethodInvocationHelper.java:133)
at org.testng.internal.MethodInvocationHelper.invokeMethodConsideringTimeout(MethodInvocationHelper.java:62)
at org.testng.internal.ConfigInvoker.invokeConfigurationMethod(ConfigInvoker.java:385)
at org.testng.internal.ConfigInvoker.invokeConfigurations(ConfigInvoker.java:321)
at org.testng.internal.TestInvoker.runConfigMethods(TestInvoker.java:700)
at org.testng.internal.TestInvoker.invokeMethod(TestInvoker.java:527)
at org.testng.internal.TestInvoker.invokeTestMethod(TestInvoker.java:173)
at org.testng.internal.MethodRunner.runInSequence(MethodRunner.java:46)
at org.testng.internal.TestInvoker$MethodInvocationAgent.invoke(TestInvoker.java:824)
at org.testng.internal.TestInvoker.invokeTestMethods(TestInvoker.java:146)
at org.testng.internal.TestMethodWorker.invokeTestMethods(TestMethodWorker.java:146)
at org.testng.internal.TestMethodWorker.run(TestMethodWorker.java:128)
at java.base/java.util.ArrayList.forEach(ArrayList.java:1511)
at org.testng.TestRunner.privateRun(TestRunner.java:794)
at org.testng.TestRunner.run(TestRunner.java:596)
at org.testng.SuiteRunner.runTest(SuiteRunner.java:377)
at org.testng.SuiteRunner.runSequentially(SuiteRunner.java:371)
at org.testng.SuiteRunner.privateRun(SuiteRunner.java:332)
at org.testng.SuiteRunner.run(SuiteRunner.java:276)
at org.testng.SuiteRunnerWorker.runSuite(SuiteRunnerWorker.java:53)
at org.testng.SuiteRunnerWorker.run(SuiteRunnerWorker.java:96)
at org.testng.TestNG.runSuitesSequentially(TestNG.java:1212)
at org.testng.TestNG.runSuitesLocally(TestNG.java:1134)
at org.testng.TestNG.runSuites(TestNG.java:1063)
at org.testng.TestNG.run(TestNG.java:1031)
at org.testng.remote.AbstractRemoteTestNG.run(AbstractRemoteTestNG.java:115)
at org.testng.remote.RemoteTestNG.initAndRun(RemoteTestNG.java:251)
at org.testng.remote.RemoteTestNG.main(RemoteTestNG.java:77)
]]>
    </error>
  </testcase> <!-- start -->
  <system-out/>
  <testcase classname="testNGBasic.Day1" name="correctlogin1" time="0.000">
    <skipped/>
  </testcase> <!-- correctlogin1 -->
  <system-out/>
  <testcase classname="testNGBasic.Day1" name="VerifyUserName">
    <skipped/>
  </testcase> <!-- VerifyUserName -->
  <system-out/>
  <testcase classname="testNGBasic.Day1" name="MyContact">
    <skipped/>
  </testcase> <!-- MyContact -->
  <system-out/>
  <testcase classname="testNGBasic.Day1" name="TodaysLead">
    <skipped/>
  </testcase> <!-- TodaysLead -->
  <system-out/>
  <testcase classname="testNGBasic.Day1" name="ViewaContact">
    <skipped/>
  </testcase> <!-- ViewaContact -->
  <system-out/>
  <testcase classname="testNGBasic.Day1" name="NewContact">
    <skipped/>
  </testcase> <!-- NewContact -->
  <system-out/>
  <testcase classname="testNGBasic.Day1" name="QuarterlySummaryReport">
    <skipped/>
  </testcase> <!-- QuarterlySummaryReport -->
  <system-out/>
  <testcase classname="testNGBasic.Day1" name="logout">
    <skipped/>
  </testcase> <!-- logout -->
  <system-out/>
  <testcase classname="testNGBasic.Day1" name="cancelbutton">
    <skipped/>
  </testcase> <!-- cancelbutton -->
  <system-out/>
  <testcase classname="testNGBasic.Day1" name="Developerconsole">
    <skipped/>
  </testcase> <!-- Developerconsole -->
  <system-out/>
  <testcase classname="testNGBasic.Day1" name="defaultview">
    <skipped/>
  </testcase> <!-- defaultview -->
  <system-out/>
  <testcase classname="testNGBasic.Day1" name="oppoPipelineLink">
    <skipped/>
  </testcase> <!-- oppoPipelineLink -->
  <system-out/>
  <testcase classname="testNGBasic.Day1" name="CheckNewButon">
    <skipped/>
  </testcase> <!-- CheckNewButon -->
  <system-out/>
  <testcase classname="testNGBasic.Day1" name="createAccount">
    <skipped/>
  </testcase> <!-- createAccount -->
  <system-out/>
  <testcase classname="testNGBasic.Day1" name="errorMessage">
    <skipped/>
  </testcase> <!-- errorMessage -->
  <system-out/>
  <testcase classname="testNGBasic.Day1" name="createNewOpty">
    <skipped/>
  </testcase> <!-- createNewOpty -->
  <system-out/>
  <testcase classname="testNGBasic.Day1" name="lead">
    <skipped/>
  </testcase> <!-- lead -->
  <system-out/>
  <testcase classname="testNGBasic.Day1" name="accountReport">
    <skipped/>
  </testcase> <!-- accountReport -->
  <system-out/>
  <testcase classname="testNGBasic.Day1" name="NewButton">
    <skipped/>
  </testcase> <!-- NewButton -->
  <system-out/>
  <testcase classname="testNGBasic.Day1" name="CheckContact">
    <skipped/>
  </testcase> <!-- CheckContact -->
  <system-out/>
  <testcase classname="testNGBasic.Day1" name="stuckOppoReport">
    <skipped/>
  </testcase> <!-- stuckOppoReport -->
  <system-out/>
  <testcase classname="testNGBasic.Day1" name="mergeaccount">
    <skipped/>
  </testcase> <!-- mergeaccount -->
  <system-out/>
  <testcase classname="testNGBasic.Day1" name="createnewview">
    <skipped/>
  </testcase> <!-- createnewview -->
  <system-out/>
  <testcase classname="testNGBasic.Day1" name="NewView">
    <skipped/>
  </testcase> <!-- NewView -->
  <system-out/>
  <testcase classname="testNGBasic.Day1" name="MyProfile">
    <skipped/>
  </testcase> <!-- MyProfile -->
  <system-out/>
  <testcase classname="testNGBasic.Day1" name="leadSelectView">
    <skipped/>
  </testcase> <!-- leadSelectView -->
  <system-out/>
  <testcase classname="testNGBasic.Day1" name="opportunitiesdropdown">
    <skipped/>
  </testcase> <!-- opportunitiesdropdown -->
  <system-out/>
</testsuite> <!-- testNGBasic.Day1 -->
